<?xml version="1.0" encoding="UTF-8"?>
<testng-results skipped="0" failed="0" total="2" passed="2">
  <reporter-output>
  </reporter-output>
  <suite name="Google Yahoo Page Test Suite" duration-ms="58463" started-at="2018-05-12T15:36:20Z" finished-at="2018-05-12T15:37:19Z">
    <groups>
    </groups>
    <test name="Google Yahoo Page Test" duration-ms="58463" started-at="2018-05-12T15:36:20Z" finished-at="2018-05-12T15:37:19Z">
      <class name="com.google.tests.GoogleHomePageTest">
        <test-method status="PASS" signature="testSetUp()[pri:0, instance:com.google.tests.GoogleHomePageTest@55f3ddb1]" name="testSetUp" is-config="true" duration-ms="11611" started-at="2018-05-12T21:06:20Z" finished-at="2018-05-12T21:06:32Z">
          <reporter-output>
          </reporter-output>
        </test-method> <!-- testSetUp -->
        <test-method status="PASS" signature="verifyGooglePageTittle()[pri:0, instance:com.google.tests.GoogleHomePageTest@55f3ddb1]" name="verifyGooglePageTittle" duration-ms="6977" started-at="2018-05-12T21:06:32Z" finished-at="2018-05-12T21:06:39Z">
          <reporter-output>
          </reporter-output>
        </test-method> <!-- verifyGooglePageTittle -->
        <test-method status="PASS" signature="tearDown()[pri:0, instance:com.google.tests.GoogleHomePageTest@55f3ddb1]" name="tearDown" is-config="true" duration-ms="597" started-at="2018-05-12T21:06:39Z" finished-at="2018-05-12T21:06:40Z">
          <reporter-output>
          </reporter-output>
        </test-method> <!-- tearDown -->
      </class> <!-- com.google.tests.GoogleHomePageTest -->
      <class name="com.google.tests.YahooHomePageTest">
        <test-method status="PASS" signature="testSetUp()[pri:0, instance:com.google.tests.YahooHomePageTest@523884b2]" name="testSetUp" is-config="true" duration-ms="7523" started-at="2018-05-12T21:06:40Z" finished-at="2018-05-12T21:06:47Z">
          <reporter-output>
          </reporter-output>
        </test-method> <!-- testSetUp -->
        <test-method status="PASS" signature="verifyYahooPageTittle()[pri:0, instance:com.google.tests.YahooHomePageTest@523884b2]" name="verifyYahooPageTittle" duration-ms="30528" started-at="2018-05-12T21:06:47Z" finished-at="2018-05-12T21:07:18Z">
          <reporter-output>
          </reporter-output>
        </test-method> <!-- verifyYahooPageTittle -->
        <test-method status="PASS" signature="tearDown()[pri:0, instance:com.google.tests.YahooHomePageTest@523884b2]" name="tearDown" is-config="true" duration-ms="1207" started-at="2018-05-12T21:07:18Z" finished-at="2018-05-12T21:07:19Z">
          <reporter-output>
          </reporter-output>
        </test-method> <!-- tearDown -->
      </class> <!-- com.google.tests.YahooHomePageTest -->
    </test> <!-- Google Yahoo Page Test -->
  </suite> <!-- Google Yahoo Page Test Suite -->
</testng-results>
